<?xml version="1.0" encoding="UTF-8"?>
<testsuite xmlns:xsi="http://www.w3.org/2001/XMLSchema-instance" xsi:noNamespaceSchemaLocation="https://maven.apache.org/surefire/maven-surefire-plugin/xsd/surefire-test-report.xsd" version="3.0.2" name="com.example.datn.Service.ChatLieuServiceTest" time="0.833" tests="3" errors="0" skipped="0" failures="0">
  <properties>
[...]
</properties>
  <testcase name="testQueryWithTenChatLieu" classname="com.example.datn.Service.ChatLieuServiceTest" time="0.813"/>
  <testcase name="testQueryWithNullTenChatLieu" classname="com.example.datn.Service.ChatLieuServiceTest" time="0.008"/>
  <testcase name="testQueryWithEmptyTenChatLieu" classname="com.example.datn.Service.ChatLieuServiceTest" time="0.005"/>
</testsuite>